<?xml version="1.0" encoding="UTF-8"?>
<!-- Generated by org.testng.reporters.JUnitReportReporter -->
<testsuite hostname="DESKTOP-3UB1SBF" failures="0" tests="1" name="testing.BrowserLaunch" time="9.386" errors="0" timestamp="2021-03-04T13:16:42 IST" skipped="0">
  <testcase classname="testing.BrowserLaunch" name="test" time="9.386"/>
  <system-out/>
</testsuite> <!-- testing.BrowserLaunch -->
